Determining if the pthread_create exist failed with the following output:
Change Dir: /home/fengweizhong/github_inference-client/tensorflow-client/cpp/CMakeFiles/CMakeTmp

Run Build Command:"/usr/bin/gmake" "cmTryCompileExec626813072/fast"
/usr/bin/gmake -f CMakeFiles/cmTryCompileExec626813072.dir/build.make CMakeFiles/cmTryCompileExec626813072.dir/build
gmake[1]: Entering directory `/home/fengweizhong/github_inference-client/tensorflow-client/cpp/CMakeFiles/CMakeTmp'
/usr/local/bin/cmake -E cmake_progress_report /home/fengweizhong/github_inference-client/tensorflow-client/cpp/CMakeFiles/CMakeTmp/CMakeFiles 1
Building C object CMakeFiles/cmTryCompileExec626813072.dir/CheckSymbolExists.c.o
/usr/bin/cc    -o CMakeFiles/cmTryCompileExec626813072.dir/CheckSymbolExists.c.o   -c /home/fengweizhong/github_inference-client/tensorflow-client/cpp/CMakeFiles/CMakeTmp/CheckSymbolExists.c
Linking C executable cmTryCompileExec626813072
/usr/local/bin/cmake -E cmake_link_script CMakeFiles/cmTryCompileExec626813072.dir/link.txt --verbose=1
/usr/bin/cc       CMakeFiles/cmTryCompileExec626813072.dir/CheckSymbolExists.c.o  -o cmTryCompileExec626813072 -rdynamic 
CMakeFiles/cmTryCompileExec626813072.dir/CheckSymbolExists.c.o: In function `main':
CheckSymbolExists.c:(.text+0x16): undefined reference to `pthread_create'
collect2: error: ld returned 1 exit status
gmake[1]: *** [cmTryCompileExec626813072] Error 1
gmake[1]: Leaving directory `/home/fengweizhong/github_inference-client/tensorflow-client/cpp/CMakeFiles/CMakeTmp'
gmake: *** [cmTryCompileExec626813072/fast] Error 2

File /home/fengweizhong/github_inference-client/tensorflow-client/cpp/CMakeFiles/CMakeTmp/CheckSymbolExists.c:
/* */
#include <pthread.h>

int main(int argc, char** argv)
{
  (void)argv;
#ifndef pthread_create
  return ((int*)(&pthread_create))[argc];
#else
  (void)argc;
  return 0;
#endif
}

Determining if the function pthread_create exists in the pthreads failed with the following output:
Change Dir: /home/fengweizhong/github_inference-client/tensorflow-client/cpp/CMakeFiles/CMakeTmp

Run Build Command:"/usr/bin/gmake" "cmTryCompileExec3415209229/fast"
/usr/bin/gmake -f CMakeFiles/cmTryCompileExec3415209229.dir/build.make CMakeFiles/cmTryCompileExec3415209229.dir/build
gmake[1]: Entering directory `/home/fengweizhong/github_inference-client/tensorflow-client/cpp/CMakeFiles/CMakeTmp'
/usr/local/bin/cmake -E cmake_progress_report /home/fengweizhong/github_inference-client/tensorflow-client/cpp/CMakeFiles/CMakeTmp/CMakeFiles 1
Building C object CMakeFiles/cmTryCompileExec3415209229.dir/CheckFunctionExists.c.o
/usr/bin/cc   -DCHECK_FUNCTION_EXISTS=pthread_create   -o CMakeFiles/cmTryCompileExec3415209229.dir/CheckFunctionExists.c.o   -c /usr/local/share/cmake-3.2/Modules/CheckFunctionExists.c
Linking C executable cmTryCompileExec3415209229
/usr/local/bin/cmake -E cmake_link_script CMakeFiles/cmTryCompileExec3415209229.dir/link.txt --verbose=1
/usr/bin/cc   -DCHECK_FUNCTION_EXISTS=pthread_create    CMakeFiles/cmTryCompileExec3415209229.dir/CheckFunctionExists.c.o  -o cmTryCompileExec3415209229 -rdynamic -lpthreads 
/usr/bin/ld: cannot find -lpthreads
collect2: error: ld returned 1 exit status
gmake[1]: *** [cmTryCompileExec3415209229] Error 1
gmake[1]: Leaving directory `/home/fengweizhong/github_inference-client/tensorflow-client/cpp/CMakeFiles/CMakeTmp'
gmake: *** [cmTryCompileExec3415209229/fast] Error 2


